{
  "RSpec": {
    "coverage": {
      "/Users/matthew/Powershop/dev/devtrain/Five-Hundred/spec/concepts/game_state_spec.rb": [
        1,
        null,
        1,
        10,
        null,
        1,
        1,
        1,
        1,
        null,
        null,
        1,
        1,
        null,
        null,
        null,
        1,
        1,
        1,
        null,
        null,
        null,
        1,
        1,
        1,
        null,
        null,
        null,
        1,
        1,
        1,
        null,
        null,
        null,
        1,
        1,
        1,
        null,
        null,
        null,
        1,
        1,
        1,
        null,
        null,
        null,
        1,
        1,
        1,
        null,
        null,
        null,
        1,
        1,
        1,
        null,
        null,
        null,
        null,
        1,
        1,
        2,
        2,
        2,
        2,
        2,
        null,
        2,
        null,
        null,
        3,
        null,
        1,
        1,
        1,
        1,
        null,
        null,
        null,
        1,
        1,
        1,
        null,
        null,
        null,
        null,
        1,
        1,
        2,
        null,
        1,
        1,
        1,
        1,
        4,
        4,
        4,
        null,
        1,
        null,
        1,
        null,
        null,
        null,
        null
      ],
      "/Users/matthew/Powershop/dev/devtrain/Five-Hundred/spec/rails_helper.rb": [
        null,
        1,
        1,
        null,
        1,
        1,
        1,
        null,
        null,
        null,
        null,
        null,
        null,
        null,
        null,
        null,
        null,
        null,
        null,
        null,
        null,
        null,
        null,
        null,
        null,
        null,
        1,
        null,
        1,
        null,
        1,
        null,
        null,
        null,
        null,
        1,
        null,
        null,
        null,
        null,
        null,
        null,
        null,
        null,
        null,
        null,
        null,
        null,
        null,
        null,
        1,
        null,
        null,
        1,
        null,
        null,
        null
      ],
      "/Users/matthew/Powershop/dev/devtrain/Five-Hundred/config/environment.rb": [
        null,
        1,
        null,
        null,
        1
      ],
      "/Users/matthew/Powershop/dev/devtrain/Five-Hundred/config/application.rb": [
        1,
        null,
        1,
        null,
        null,
        null,
        1,
        null,
        1,
        1,
        null,
        null,
        null,
        null,
        null,
        null,
        null,
        null,
        null,
        null,
        null,
        null,
        null,
        1,
        null,
        1,
        null,
        null
      ],
      "/Users/matthew/Powershop/dev/devtrain/Five-Hundred/config/boot.rb": [
        1,
        null,
        1
      ],
      "/Users/matthew/Powershop/dev/devtrain/Five-Hundred/config/environments/test.rb": [
        1,
        null,
        null,
        null,
        null,
        null,
        null,
        1,
        null,
        null,
        null,
        null,
        1,
        null,
        null,
        1,
        1,
        null,
        null,
        1,
        1,
        null,
        null,
        1,
        null,
        null,
        1,
        null,
        null,
        null,
        null,
        1,
        null,
        null,
        1,
        null,
        null,
        1,
        null,
        null,
        null,
        null
      ],
      "/Users/matthew/Powershop/dev/devtrain/Five-Hundred/config/initializers/assets.rb": [
        null,
        null,
        null,
        1,
        null,
        null,
        null,
        null,
        null,
        null,
        null
      ],
      "/Users/matthew/Powershop/dev/devtrain/Five-Hundred/config/initializers/backtrace_silencers.rb": [
        null,
        null,
        null,
        null,
        null,
        null,
        null
      ],
      "/Users/matthew/Powershop/dev/devtrain/Five-Hundred/config/initializers/cookies_serializer.rb": [
        null,
        null,
        1
      ],
      "/Users/matthew/Powershop/dev/devtrain/Five-Hundred/config/initializers/filter_parameter_logging.rb": [
        null,
        null,
        null,
        1
      ],
      "/Users/matthew/Powershop/dev/devtrain/Five-Hundred/config/initializers/inflections.rb": [
        null,
        null,
        null,
        null,
        null,
        null,
        null,
        null,
        null,
        null,
        null,
        null,
        null,
        null,
        null,
        null
      ],
      "/Users/matthew/Powershop/dev/devtrain/Five-Hundred/config/initializers/mime_types.rb": [
        null,
        null,
        null,
        null
      ],
      "/Users/matthew/Powershop/dev/devtrain/Five-Hundred/config/initializers/session_store.rb": [
        null,
        null,
        1
      ],
      "/Users/matthew/Powershop/dev/devtrain/Five-Hundred/config/initializers/wrap_parameters.rb": [
        null,
        null,
        null,
        null,
        null,
        null,
        1,
        1,
        null,
        null,
        null,
        null,
        null,
        null
      ],
      "/Users/matthew/Powershop/dev/devtrain/Five-Hundred/config/routes.rb": [
        1,
        null,
        null,
        null,
        null,
        1,
        null,
        null,
        null,
        null,
        null,
        null,
        1,
        null,
        null,
        1,
        null,
        null,
        null,
        null,
        null,
        null,
        null,
        null,
        null,
        null,
        null,
        null,
        null,
        null,
        null,
        null,
        null,
        null,
        null,
        null,
        null,
        null,
        null,
        null,
        null,
        null,
        null,
        null,
        null,
        null,
        null,
        null,
        null,
        null,
        null,
        null,
        null,
        null,
        null,
        null,
        null
      ],
      "/Users/matthew/Powershop/dev/devtrain/Five-Hundred/app/helpers/application_helper.rb": [
        1,
        null
      ],
      "/Users/matthew/Powershop/dev/devtrain/Five-Hundred/app/helpers/games_helper.rb": [
        1,
        1,
        null,
        null,
        null,
        null,
        null,
        null,
        null,
        null,
        null,
        null,
        null,
        null,
        null,
        null,
        null,
        null,
        0,
        null,
        null,
        1,
        0,
        null,
        null
      ],
      "/Users/matthew/Powershop/dev/devtrain/Five-Hundred/app/concepts/game_state.rb": [
        1,
        1,
        null,
        null,
        null,
        null,
        null,
        null,
        null,
        1,
        null,
        null,
        null,
        null,
        null,
        null,
        null,
        null,
        1,
        353,
        7630,
        7630,
        null,
        null,
        null,
        null,
        1,
        376,
        1880,
        376,
        376,
        376,
        376,
        null,
        null,
        1,
        7160,
        35800,
        null,
        7160,
        null,
        null,
        1,
        10,
        null,
        null,
        1,
        null,
        8,
        null,
        null,
        null,
        1,
        12,
        null,
        null,
        1,
        2,
        null,
        null,
        1,
        3,
        null,
        null,
        1,
        1,
        null,
        null,
        1,
        2,
        null,
        null
      ],
      "/Users/matthew/Powershop/dev/devtrain/Five-Hundred/spec/models/event_spec.rb": [
        1,
        null,
        1,
        null
      ],
      "/Users/matthew/Powershop/dev/devtrain/Five-Hundred/app/models/event.rb": [
        1,
        1,
        null
      ],
      "/Users/matthew/Powershop/dev/devtrain/Five-Hundred/spec/models/events/bid_made_spec.rb": [
        1,
        1,
        null,
        null,
        1,
        1,
        3,
        null,
        null,
        null,
        null,
        null,
        4,
        4,
        1,
        3,
        3,
        null,
        3,
        null,
        null,
        4,
        null,
        1,
        4,
        4,
        null,
        1,
        1,
        1,
        null,
        null,
        1,
        1,
        null,
        null,
        1,
        1,
        1,
        null,
        null,
        null,
        null
      ],
      "/Users/matthew/Powershop/dev/devtrain/Five-Hundred/app/models/events/bid_made.rb": [
        1,
        1,
        25,
        25,
        25,
        25,
        null,
        null,
        1,
        null,
        1,
        null,
        null,
        null,
        null,
        50,
        null,
        null
      ],
      "/Users/matthew/Powershop/dev/devtrain/Five-Hundred/spec/models/events/bid_passed_spec.rb": [
        1,
        null,
        1,
        3,
        null,
        3,
        3,
        1,
        2,
        2,
        null,
        2,
        null,
        null,
        3,
        null,
        1,
        1,
        1,
        null,
        null,
        1,
        1,
        null,
        null,
        null
      ],
      "/Users/matthew/Powershop/dev/devtrain/Five-Hundred/app/models/events/bid_passed.rb": [
        1,
        1,
        1,
        16,
        16,
        16,
        null,
        null
      ],
      "/Users/matthew/Powershop/dev/devtrain/Five-Hundred/spec/models/events/card_dealt_spec.rb": [
        1,
        null,
        1,
        9,
        null,
        9,
        9,
        9,
        null,
        9,
        null,
        1,
        1,
        5,
        null,
        1,
        1,
        null,
        null,
        1,
        1,
        null,
        null,
        1,
        1,
        null,
        null,
        1,
        1,
        null,
        null,
        null,
        1,
        5,
        null,
        1,
        1,
        null,
        null,
        1,
        1,
        null,
        null,
        1,
        1,
        null,
        null,
        1,
        1,
        null,
        null,
        null,
        null
      ],
      "/Users/matthew/Powershop/dev/devtrain/Five-Hundred/app/models/events/card_dealt.rb": [
        1,
        1,
        7528,
        7528,
        null,
        null,
        1,
        null,
        1,
        7528,
        null,
        null,
        1,
        14672,
        null,
        null
      ],
      "/Users/matthew/Powershop/dev/devtrain/Five-Hundred/spec/models/events/card_played_spec.rb": [
        1,
        null,
        1,
        1,
        1,
        1,
        null,
        null,
        2,
        2,
        2,
        2,
        null,
        1,
        1,
        1,
        1,
        1,
        null,
        null,
        null
      ],
      "/Users/matthew/Powershop/dev/devtrain/Five-Hundred/app/models/events/card_played.rb": [
        1,
        1,
        5,
        5,
        null,
        null,
        1,
        null,
        1,
        10,
        null,
        null
      ],
      "/Users/matthew/Powershop/dev/devtrain/Five-Hundred/spec/models/events/cards_collected_spec.rb": [
        1,
        null,
        1,
        1,
        4,
        null,
        4,
        4,
        null,
        1,
        3,
        null,
        1,
        1,
        null,
        null,
        1,
        1,
        null,
        null,
        null,
        1,
        1,
        1,
        1,
        1,
        null,
        null,
        null,
        null
      ],
      "/Users/matthew/Powershop/dev/devtrain/Five-Hundred/app/models/events/cards_collected.rb": [
        1,
        1,
        48,
        240,
        null,
        null
      ],
      "/Users/matthew/Powershop/dev/devtrain/Five-Hundred/spec/models/events/dealer_changed_spec.rb": [
        1,
        null,
        1,
        2,
        null,
        2,
        2,
        null,
        2,
        null,
        1,
        1,
        2,
        null,
        1,
        1,
        null,
        null,
        null,
        null
      ],
      "/Users/matthew/Powershop/dev/devtrain/Five-Hundred/app/models/events/dealer_changed.rb": [
        1,
        1,
        26,
        26,
        null,
        null,
        1,
        null,
        1,
        26,
        null,
        null
      ],
      "/Users/matthew/Powershop/dev/devtrain/Five-Hundred/spec/models/game_spec.rb": [
        1,
        null,
        1,
        2,
        null,
        1,
        1,
        1,
        null,
        null,
        null
      ],
      "/Users/matthew/Powershop/dev/devtrain/Five-Hundred/app/models/game.rb": [
        1,
        null,
        1,
        null,
        1,
        null
      ],
      "/Users/matthew/Powershop/dev/devtrain/Five-Hundred/spec/services/change_dealer_spec.rb": [

      ],
      "/Users/matthew/Powershop/dev/devtrain/Five-Hundred/spec/services/collect_cards_spec.rb": [
        1,
        null,
        1,
        3,
        null,
        3,
        null,
        1,
        1,
        1,
        null,
        null,
        null,
        1,
        2,
        null,
        1,
        1,
        null,
        null,
        null
      ],
      "/Users/matthew/Powershop/dev/devtrain/Five-Hundred/app/services/collect_cards.rb": [
        1,
        1,
        3,
        null,
        null,
        1,
        2,
        2,
        null,
        null,
        null,
        1,
        null,
        1,
        null
      ],
      "/Users/matthew/Powershop/dev/devtrain/Five-Hundred/spec/services/deal_all_cards_spec.rb": [

      ],
      "/Users/matthew/Powershop/dev/devtrain/Five-Hundred/spec/services/deal_card_spec.rb": [

      ],
      "/Users/matthew/Powershop/dev/devtrain/Five-Hundred/spec/services/make_bid_spec.rb": [
        1,
        null,
        1,
        4,
        4,
        1,
        3,
        null,
        null,
        1,
        1,
        1,
        1,
        1,
        null,
        null,
        1,
        1,
        1,
        null,
        null,
        null,
        null,
        1,
        1,
        1,
        1,
        1,
        null,
        null,
        1,
        1,
        1,
        1,
        null,
        null,
        null,
        null,
        1,
        1,
        1,
        5,
        1,
        null,
        null,
        1,
        1,
        1,
        1,
        null,
        null,
        null,
        null
      ],
      "/Users/matthew/Powershop/dev/devtrain/Five-Hundred/app/services/make_bid.rb": [
        1,
        1,
        null,
        1,
        8,
        null,
        null,
        1,
        8,
        8,
        7,
        6,
        6,
        null,
        null,
        null,
        null,
        null,
        6,
        null,
        null,
        1,
        null,
        1,
        7,
        null,
        3,
        3,
        null,
        null,
        null,
        null,
        null,
        3,
        null,
        null,
        1,
        7,
        null,
        null,
        1,
        6,
        null,
        null,
        1,
        8,
        null,
        null
      ],
      "/Users/matthew/Powershop/dev/devtrain/Five-Hundred/spec/services/next_bidder_spec.rb": [

      ],
      "/Users/matthew/Powershop/dev/devtrain/Five-Hundred/spec/services/next_player_spec.rb": [

      ],
      "/Users/matthew/Powershop/dev/devtrain/Five-Hundred/spec/services/pass_bid_spec.rb": [
        1,
        null,
        1,
        1,
        1,
        1,
        1,
        1,
        null,
        null,
        1,
        1,
        1,
        null,
        null,
        null
      ],
      "/Users/matthew/Powershop/dev/devtrain/Five-Hundred/app/services/pass_bid.rb": [
        1,
        1,
        null,
        1,
        5,
        null,
        null,
        1,
        5,
        5,
        5,
        null,
        null,
        null
      ],
      "/Users/matthew/Powershop/dev/devtrain/Five-Hundred/spec/services/play_card_spec.rb": [
        1,
        null,
        1,
        2,
        null,
        2,
        2,
        2,
        null,
        1,
        1,
        1,
        1,
        null,
        null,
        1,
        1,
        null,
        null,
        null
      ],
      "/Users/matthew/Powershop/dev/devtrain/Five-Hundred/app/services/play_card.rb": [
        1,
        1,
        5,
        null,
        null,
        1,
        10,
        null,
        null,
        1,
        null,
        1,
        5,
        null,
        null,
        1,
        null
      ],
      "/Users/matthew/Powershop/dev/devtrain/Five-Hundred/spec/services/redeal_all_cards_spec.rb": [
        1,
        null,
        1,
        3,
        null,
        3,
        null,
        1,
        1,
        1,
        null,
        null,
        null,
        1,
        2,
        null,
        1,
        1,
        null,
        null,
        null
      ],
      "/Users/matthew/Powershop/dev/devtrain/Five-Hundred/app/services/redeal_all_cards.rb": [
        1,
        1,
        2,
        null,
        null,
        1,
        1,
        1,
        null,
        null,
        1,
        null,
        1,
        null
      ],
      "/Users/matthew/Powershop/dev/devtrain/Five-Hundred/app/concepts/player.rb": [
        1,
        1,
        1,
        null,
        1,
        1504,
        1504,
        null,
        null
      ],
      "/Users/matthew/Powershop/dev/devtrain/Five-Hundred/app/services/deal_all_cards.rb": [
        1,
        1,
        null,
        1,
        7,
        null,
        null,
        null,
        null,
        null,
        null,
        null,
        1,
        119,
        7,
        147,
        7,
        119,
        7,
        null,
        null
      ],
      "/Users/matthew/Powershop/dev/devtrain/Five-Hundred/app/services/deal_card.rb": [
        1,
        1,
        null,
        1,
        301,
        null,
        null,
        1,
        301,
        301,
        301,
        null,
        null,
        null
      ],
      "/Users/matthew/Powershop/dev/devtrain/Five-Hundred/app/services/change_dealer.rb": [
        1,
        1,
        null,
        1,
        5,
        null,
        null,
        1,
        5,
        5,
        null,
        null,
        null,
        1,
        null,
        1,
        5,
        5,
        5,
        null,
        0,
        null,
        null,
        null
      ],
      "/Users/matthew/Powershop/dev/devtrain/Five-Hundred/app/services/next_player.rb": [
        1,
        1,
        null,
        1,
        67,
        null,
        null,
        null,
        null,
        1,
        67,
        67,
        67,
        null,
        null
      ],
      "/Users/matthew/Powershop/dev/devtrain/Five-Hundred/app/services/next_bidder.rb": [
        1,
        1,
        null,
        1,
        41,
        null,
        null,
        1,
        41,
        41,
        null,
        null
      ]
    },
    "timestamp": 1458766734
  },
  "Cucumber Features": {
    "coverage": {
      "/Users/matthew/Powershop/dev/devtrain/Five-Hundred/config/environment.rb": [
        null,
        1,
        null,
        null,
        1
      ],
      "/Users/matthew/Powershop/dev/devtrain/Five-Hundred/config/application.rb": [
        1,
        null,
        1,
        null,
        null,
        null,
        1,
        null,
        1,
        1,
        null,
        null,
        null,
        null,
        null,
        null,
        null,
        null,
        null,
        null,
        null,
        null,
        null,
        1,
        null,
        1,
        null,
        null
      ],
      "/Users/matthew/Powershop/dev/devtrain/Five-Hundred/config/boot.rb": [
        1,
        null,
        1
      ],
      "/Users/matthew/Powershop/dev/devtrain/Five-Hundred/config/environments/test.rb": [
        1,
        null,
        null,
        null,
        null,
        null,
        null,
        1,
        null,
        null,
        null,
        null,
        1,
        null,
        null,
        1,
        1,
        null,
        null,
        1,
        1,
        null,
        null,
        1,
        null,
        null,
        1,
        null,
        null,
        null,
        null,
        1,
        null,
        null,
        1,
        null,
        null,
        1,
        null,
        null,
        null,
        null
      ],
      "/Users/matthew/Powershop/dev/devtrain/Five-Hundred/config/initializers/assets.rb": [
        null,
        null,
        null,
        1,
        null,
        null,
        null,
        null,
        null,
        null,
        null
      ],
      "/Users/matthew/Powershop/dev/devtrain/Five-Hundred/config/initializers/backtrace_silencers.rb": [
        null,
        null,
        null,
        null,
        null,
        null,
        null
      ],
      "/Users/matthew/Powershop/dev/devtrain/Five-Hundred/config/initializers/cookies_serializer.rb": [
        null,
        null,
        1
      ],
      "/Users/matthew/Powershop/dev/devtrain/Five-Hundred/config/initializers/filter_parameter_logging.rb": [
        null,
        null,
        null,
        1
      ],
      "/Users/matthew/Powershop/dev/devtrain/Five-Hundred/config/initializers/inflections.rb": [
        null,
        null,
        null,
        null,
        null,
        null,
        null,
        null,
        null,
        null,
        null,
        null,
        null,
        null,
        null,
        null
      ],
      "/Users/matthew/Powershop/dev/devtrain/Five-Hundred/config/initializers/mime_types.rb": [
        null,
        null,
        null,
        null
      ],
      "/Users/matthew/Powershop/dev/devtrain/Five-Hundred/config/initializers/session_store.rb": [
        null,
        null,
        1
      ],
      "/Users/matthew/Powershop/dev/devtrain/Five-Hundred/config/initializers/wrap_parameters.rb": [
        null,
        null,
        null,
        null,
        null,
        null,
        1,
        1,
        null,
        null,
        null,
        null,
        null,
        null
      ],
      "/Users/matthew/Powershop/dev/devtrain/Five-Hundred/config/routes.rb": [
        1,
        null,
        null,
        null,
        null,
        1,
        null,
        null,
        null,
        null,
        null,
        null,
        1,
        null,
        null,
        1,
        null,
        null,
        null,
        null,
        null,
        null,
        null,
        null,
        null,
        null,
        null,
        null,
        null,
        null,
        null,
        null,
        null,
        null,
        null,
        null,
        null,
        null,
        null,
        null,
        null,
        null,
        null,
        null,
        null,
        null,
        null,
        null,
        null,
        null,
        null,
        null,
        null,
        null,
        null,
        null,
        null
      ],
      "/Users/matthew/Powershop/dev/devtrain/Five-Hundred/features/step_definitions/bidding_steps.rb": [
        1,
        1,
        1,
        1,
        1,
        1,
        null,
        null,
        1,
        2,
        2,
        2,
        2,
        null,
        null,
        1,
        1,
        1,
        null,
        null,
        1,
        3,
        3,
        3,
        3,
        null,
        null,
        1,
        1,
        1,
        1,
        null,
        null,
        1,
        4,
        18,
        null,
        null,
        1,
        1,
        1,
        1,
        null,
        null,
        1,
        5,
        5,
        5,
        null,
        null,
        1,
        1,
        1,
        1,
        1,
        null,
        null,
        1,
        2,
        2,
        2,
        2,
        null,
        null,
        1,
        1,
        1,
        1,
        1,
        null,
        null,
        1,
        1,
        1,
        null,
        null,
        1,
        1,
        1,
        1,
        null,
        null,
        1,
        1,
        1,
        1,
        null,
        null,
        1,
        2,
        2,
        2,
        2,
        8,
        2,
        2,
        null,
        null,
        1,
        2,
        null
      ],
      "/Users/matthew/Powershop/dev/devtrain/Five-Hundred/features/step_definitions/deal_steps.rb": [
        1,
        6,
        6,
        null,
        null,
        1,
        11,
        11,
        11,
        11,
        null,
        null,
        1,
        3,
        3,
        3,
        null,
        null,
        1,
        1,
        1,
        1,
        null,
        null,
        1,
        8,
        8,
        8,
        null,
        null,
        1,
        4,
        4,
        4,
        null,
        null,
        1,
        2,
        2,
        2,
        null,
        null,
        1,
        3,
        3,
        3,
        12,
        null,
        null,
        null,
        1,
        2,
        2,
        2,
        null,
        null,
        1,
        2,
        2,
        null,
        null,
        1,
        1,
        1,
        1,
        null,
        null,
        1,
        1,
        1,
        1,
        1,
        null
      ],
      "/Users/matthew/Powershop/dev/devtrain/Five-Hundred/features/step_definitions/dealer_steps.rb": [
        1,
        1,
        1,
        1,
        null,
        null,
        1,
        1,
        1,
        null,
        null,
        1,
        1,
        1,
        1,
        null,
        null,
        1,
        1,
        1,
        null
      ],
      "/Users/matthew/Powershop/dev/devtrain/Five-Hundred/features/step_definitions/trick_steps.rb": [
        1,
        1,
        1,
        1,
        1,
        1,
        1,
        null,
        null,
        1,
        1,
        1,
        1,
        4,
        4,
        4,
        null,
        null,
        null,
        1,
        1,
        1,
        1,
        1,
        null,
        null,
        1,
        1,
        1,
        1,
        null,
        null,
        1,
        1,
        1,
        1,
        null
      ],
      "/Users/matthew/Powershop/dev/devtrain/Five-Hundred/app/models/game.rb": [
        1,
        null,
        1,
        null,
        1,
        null
      ],
      "/Users/matthew/Powershop/dev/devtrain/Five-Hundred/app/services/deal_all_cards.rb": [
        1,
        1,
        null,
        1,
        14,
        null,
        null,
        null,
        null,
        null,
        null,
        null,
        1,
        238,
        14,
        294,
        14,
        238,
        14,
        null,
        null
      ],
      "/Users/matthew/Powershop/dev/devtrain/Five-Hundred/app/services/deal_card.rb": [
        1,
        1,
        null,
        1,
        606,
        null,
        null,
        1,
        606,
        606,
        606,
        null,
        null,
        null
      ],
      "/Users/matthew/Powershop/dev/devtrain/Five-Hundred/app/concepts/game_state.rb": [
        1,
        1,
        null,
        null,
        null,
        null,
        null,
        null,
        null,
        1,
        null,
        null,
        null,
        null,
        null,
        null,
        null,
        null,
        1,
        714,
        18903,
        18903,
        null,
        null,
        null,
        null,
        1,
        714,
        3570,
        714,
        714,
        714,
        714,
        null,
        null,
        1,
        17474,
        87370,
        null,
        17474,
        null,
        null,
        1,
        6,
        null,
        null,
        1,
        null,
        9,
        null,
        null,
        null,
        1,
        12,
        null,
        null,
        1,
        4,
        null,
        null,
        1,
        16,
        null,
        null,
        1,
        1,
        null,
        null,
        1,
        1,
        null,
        null
      ],
      "/Users/matthew/Powershop/dev/devtrain/Five-Hundred/app/models/event.rb": [
        1,
        1,
        null
      ],
      "/Users/matthew/Powershop/dev/devtrain/Five-Hundred/app/concepts/player.rb": [
        1,
        1,
        1,
        null,
        1,
        2856,
        2856,
        null,
        null
      ],
      "/Users/matthew/Powershop/dev/devtrain/Five-Hundred/app/models/events/card_dealt.rb": [
        1,
        1,
        18458,
        18458,
        null,
        null,
        1,
        null,
        1,
        18458,
        null,
        null,
        1,
        35909,
        null,
        null
      ],
      "/Users/matthew/Powershop/dev/devtrain/Five-Hundred/app/services/change_dealer.rb": [
        1,
        1,
        null,
        1,
        13,
        null,
        null,
        1,
        13,
        13,
        null,
        null,
        null,
        1,
        null,
        1,
        13,
        13,
        13,
        null,
        0,
        null,
        null,
        null
      ],
      "/Users/matthew/Powershop/dev/devtrain/Five-Hundred/app/models/events/dealer_changed.rb": [
        1,
        1,
        119,
        119,
        null,
        null,
        1,
        null,
        1,
        119,
        null,
        null
      ],
      "/Users/matthew/Powershop/dev/devtrain/Five-Hundred/app/services/next_player.rb": [
        1,
        1,
        null,
        1,
        395,
        null,
        null,
        null,
        null,
        1,
        395,
        395,
        395,
        null,
        null
      ],
      "/Users/matthew/Powershop/dev/devtrain/Five-Hundred/app/services/pass_bid.rb": [
        1,
        1,
        null,
        1,
        21,
        null,
        null,
        1,
        21,
        21,
        21,
        null,
        null,
        null
      ],
      "/Users/matthew/Powershop/dev/devtrain/Five-Hundred/app/models/events/bid_passed.rb": [
        1,
        1,
        1,
        241,
        241,
        241,
        null,
        null
      ],
      "/Users/matthew/Powershop/dev/devtrain/Five-Hundred/app/services/next_bidder.rb": [
        1,
        1,
        null,
        1,
        275,
        null,
        null,
        1,
        275,
        275,
        null,
        null
      ],
      "/Users/matthew/Powershop/dev/devtrain/Five-Hundred/app/services/make_bid.rb": [
        1,
        1,
        null,
        1,
        9,
        null,
        null,
        1,
        9,
        9,
        8,
        7,
        7,
        null,
        null,
        null,
        null,
        null,
        7,
        null,
        null,
        1,
        null,
        1,
        8,
        null,
        2,
        2,
        null,
        null,
        null,
        null,
        null,
        2,
        null,
        null,
        1,
        8,
        null,
        null,
        1,
        4,
        null,
        null,
        1,
        9,
        null,
        null
      ],
      "/Users/matthew/Powershop/dev/devtrain/Five-Hundred/app/models/events/bid_made.rb": [
        1,
        1,
        34,
        34,
        34,
        34,
        null,
        null,
        1,
        null,
        1,
        null,
        null,
        null,
        null,
        68,
        null,
        null
      ],
      "/Users/matthew/Powershop/dev/devtrain/Five-Hundred/app/services/redeal_all_cards.rb": [
        1,
        1,
        1,
        null,
        null,
        1,
        1,
        1,
        null,
        null,
        1,
        null,
        1,
        null
      ],
      "/Users/matthew/Powershop/dev/devtrain/Five-Hundred/app/services/collect_cards.rb": [
        1,
        1,
        1,
        null,
        null,
        1,
        1,
        1,
        null,
        null,
        null,
        1,
        null,
        1,
        null
      ],
      "/Users/matthew/Powershop/dev/devtrain/Five-Hundred/app/models/events/cards_collected.rb": [
        1,
        1,
        45,
        225,
        null,
        null
      ],
      "/Users/matthew/Powershop/dev/devtrain/Five-Hundred/app/services/play_card.rb": [
        1,
        1,
        5,
        null,
        null,
        1,
        10,
        null,
        null,
        1,
        null,
        1,
        5,
        null,
        null,
        1,
        null
      ],
      "/Users/matthew/Powershop/dev/devtrain/Five-Hundred/app/models/events/card_played.rb": [
        1,
        1,
        6,
        6,
        null,
        null,
        1,
        null,
        1,
        12,
        null,
        null
      ]
    },
    "timestamp": 1458766740
  }
}
